[    2935ms] [WARNING] [GPT] Using deprecated googletag.encryptedSignalProviders. Please use googletag.secureSignalProviders instead.
https://goo.gle/gpt-message#155 @ https://securepubads.g.doubleclick.net/pagead/managed/js/gpt/m202603190101/pubads_impl.js:18
[    2972ms] [ERROR] Access to fetch at 'https://prebid.smilewanted.com/' from origin 'https://trends24.in' has been blocked by CORS policy: The value of the 'Access-Control-Allow-Origin' header in the response must not be the wildcard '*' when the request's credentials mode is 'include'. @ https://trends24.in/united-states/:0
[    2973ms] [ERROR] Failed to load resource: net::ERR_FAILED @ https://prebid.smilewanted.com/:0
[    2973ms] [ERROR] Access to fetch at 'https://prebid.smilewanted.com/' from origin 'https://trends24.in' has been blocked by CORS policy: The value of the 'Access-Control-Allow-Origin' header in the response must not be the wildcard '*' when the request's credentials mode is 'include'. @ https://trends24.in/united-states/:0
[    2973ms] [ERROR] Failed to load resource: net::ERR_FAILED @ https://prebid.smilewanted.com/:0
[    2973ms] [ERROR] Access to fetch at 'https://prebid.smilewanted.com/' from origin 'https://trends24.in' has been blocked by CORS policy: The value of the 'Access-Control-Allow-Origin' header in the response must not be the wildcard '*' when the request's credentials mode is 'include'. @ https://trends24.in/united-states/:0
[    2973ms] [ERROR] Failed to load resource: net::ERR_FAILED @ https://prebid.smilewanted.com/:0
[    2973ms] [ERROR] Access to fetch at 'https://prebid.smilewanted.com/' from origin 'https://trends24.in' has been blocked by CORS policy: The value of the 'Access-Control-Allow-Origin' header in the response must not be the wildcard '*' when the request's credentials mode is 'include'. @ https://trends24.in/united-states/:0
[    2973ms] [ERROR] Failed to load resource: net::ERR_FAILED @ https://prebid.smilewanted.com/:0
[    2973ms] [ERROR] Access to fetch at 'https://prebid.smilewanted.com/' from origin 'https://trends24.in' has been blocked by CORS policy: The value of the 'Access-Control-Allow-Origin' header in the response must not be the wildcard '*' when the request's credentials mode is 'include'. @ https://trends24.in/united-states/:0
[    2973ms] [ERROR] Failed to load resource: net::ERR_FAILED @ https://prebid.smilewanted.com/:0
[    2993ms] [WARNING] You are using deprecated show_ads.js script to display AdSense ads. To improve performance of your ads switch to the modern adsbygoogle.js script. See instructions on https://support.google.com/adsense/answer/9190028. @ https://pagead2.googlesyndication.com/pagead/show_ads.js:96
[    3274ms] [ERROR] Failed to load resource: net::ERR_NAME_NOT_RESOLVED @ https://ib.adnxs.com/getuid?https%3A%2F%2Flive.primis.tech%2Flive%2FliveCS.php%3Fsource%3Dexternal%26advId%3D105%26advUuid%3D%24UID%26gdpr%3D0%26gdpr_consent%3D:0
[    3479ms] [WARNING] You are using deprecated show_ads.js script to display AdSense ads. To improve performance of your ads switch to the modern adsbygoogle.js script. See instructions on https://support.google.com/adsense/answer/9190028. @ https://pagead2.googlesyndication.com/pagead/show_ads.js:96
[    3548ms] [WARNING] You are using deprecated show_ads.js script to display AdSense ads. To improve performance of your ads switch to the modern adsbygoogle.js script. See instructions on https://support.google.com/adsense/answer/9190028. @ https://pagead2.googlesyndication.com/pagead/show_ads.js:96
[    3566ms] [WARNING] You are using deprecated show_ads.js script to display AdSense ads. To improve performance of your ads switch to the modern adsbygoogle.js script. See instructions on https://support.google.com/adsense/answer/9190028. @ https://pagead2.googlesyndication.com/pagead/show_ads.js:96
[    4021ms] [ERROR] Access to fetch at 'https://api.rlcdn.com/api/identity/envelope?pid=34' from origin 'https://trends24.in' has been blocked by CORS policy: No 'Access-Control-Allow-Origin' header is present on the requested resource. @ https://trends24.in/united-states/:0
[    4021ms] [ERROR] Failed to load resource: net::ERR_FAILED @ https://api.rlcdn.com/api/identity/envelope?pid=34:0
[    4424ms] [WARNING] You are using deprecated show_ads.js script to display AdSense ads. To improve performance of your ads switch to the modern adsbygoogle.js script. See instructions on https://support.google.com/adsense/answer/9190028. @ https://pagead2.googlesyndication.com/pagead/show_ads.js:96
[    4469ms] [ERROR] Failed to load resource: the server responded with a status of 410 (Gone) @ https://ads.stickyadstv.com/user-matching?id=3586&gdpr=0&gdpr_consent=:0
[    4832ms] [ERROR] Failed to load resource: the server responded with a status of 404 () @ https://x.bidswitch.net/ul_cb/sync?ssp=sekindo&gdpr=0&gdpr_consent=:0
[    5032ms] [ERROR] Failed to load resource: net::ERR_NAME_NOT_RESOLVED @ https://dps.jp.cinarra.com/pxd?PLATFORM_ID=1&USER_ID=0522b16a-f6ff-840f-e1c4-3ade16c4a2b6:0
[    5032ms] [ERROR] Failed to load resource: net::ERR_NAME_NOT_RESOLVED @ https://dps.jp.cinarra.com/pxd?PLATFORM_ID=1&USER_ID=0522b16a-f6ff-840f-e1c4-3ade16c4a2b6:0
[    5441ms] [WARNING] You are using deprecated show_ads.js script to display AdSense ads. To improve performance of your ads switch to the modern adsbygoogle.js script. See instructions on https://support.google.com/adsense/answer/9190028. @ https://pagead2.googlesyndication.com/pagead/show_ads.js:96
[    5874ms] [ERROR] Failed to load resource: the server responded with a status of 403 () @ https://sync.intentiq.com/profiles_engine/ProfilesEngineServlet?at=20&mi=10&dpi=1380607794:0
[    5874ms] [ERROR] Failed to load resource: the server responded with a status of 403 () @ https://sync.intentiq.com/profiles_engine/ProfilesEngineServlet?at=20&mi=10&dpi=1380607794:0
[    5935ms] [ERROR] Failed to load resource: the server responded with a status of 403 () @ https://sync.intentiq.com/profiles_engine/ProfilesEngineServlet?at=20&mi=10&dpi=1380607794:0
[    6763ms] [ERROR] Failed to load resource: net::ERR_NAME_NOT_RESOLVED @ https://match.rundsp.com/redirect?ex=openx:0
[    6791ms] [ERROR] Failed to load resource: net::ERR_CONNECTION_REFUSED @ https://cs.nex8.net/cs/openx:0
[    8578ms] [ERROR] Failed to load resource: the server responded with a status of 404 () @ https://cs.krushmedia.com/4831fbf13dd518a56346a6e0ec8ba9d5.gif?puid=ID5-1-d242dea8-66b9-4691-9805-9b3c3595dba3&redir=https%3A%2F%2Fsync.inmobi.com%2Fsetuid%3FbidderID%3D1315%26dspUserId%3D%5BUID%5D&gdpr=0&gdpr_consent=:0
[    8578ms] [ERROR] Failed to load resource: the server responded with a status of 404 () @ https://cs.krushmedia.com/4831fbf13dd518a56346a6e0ec8ba9d5.gif?puid=ID5-1-d242dea8-66b9-4691-9805-9b3c3595dba3&redir=https%3A%2F%2Fsync.inmobi.com%2Fsetuid%3FbidderID%3D1315%26dspUserId%3D%5BUID%5D&gdpr=0&gdpr_consent=:0
[    8789ms] [ERROR] Failed to load resource: the server responded with a status of 410 (Gone) @ https://ads.stickyadstv.com/user-matching?id=3664&gdpr=0&gdpr_consent=[GDPR_CONSENT]&ccpa=[CCPA]&coppa=[COPPA]&redirectId=https%3A%2F%2Fcs.pgammedia.com%2Fb538ab39d27ff2bec69a976f169e6e81.gif%3Fpuid%3D%7BviewerId%7D%26gdpr%3D%5BGDPR%5D%26gdpr_consent:0
[    8578ms] [ERROR] Failed to load resource: the server responded with a status of 404 () @ https://cs.krushmedia.com/4831fbf13dd518a56346a6e0ec8ba9d5.gif?puid=ID5-1-d242dea8-66b9-4691-9805-9b3c3595dba3&redir=https%3A%2F%2Fsync.inmobi.com%2Fsetuid%3FbidderID%3D1315%26dspUserId%3D%5BUID%5D&gdpr=0&gdpr_consent=:0
[   15607ms] [ERROR] Failed to load resource: the server responded with a status of 404 (Not Found) @ https://us.shb-sync.com/bf2ecb77-8b3f-11ed-9a3c-0cc47a787f5e.gif?puid=[UID]&redir=https%3A%2F%2Fs.ad.smaato.net%2Fc%2F%3FdspId%3D1074%26dspCookie%3D%5BUID%5D%26gdpr%3D0%26gdpr_consent%3D&gdpr=0&gdpr_consent=:0
[   17645ms] [ERROR] Failed to load resource: net::ERR_NAME_NOT_RESOLVED @ https://s2s.atmtd.com/s2s/setuid?bidder=inmobi&gdpr=0&gdpr_consent=&gpp=&gpp_sid=&f=i&uid=ID5-1-d242dea8-66b9-4691-9805-9b3c3595dba3:0
