[    2351ms] [WARNING] A preload for 'https://cdn.cookielaw.org/scripttemplates/otSDKStub.js' is found, but is not used because the request credentials mode does not match. Consider taking a look at crossorigin attribute. @ https://www.buzzfeed.com/static-assets/_next/static/chunks/pages/_app-95c3fadb19dc601d.js:0
[    2363ms] [WARNING] Attempted to release a free 'sidebar:condensed-comments' lock @ https://www.buzzfeed.com/static-assets/_next/static/chunks/130-38215c375e1155df.js:0
[    2364ms] [WARNING] Attempted to release a free 'sidebar:page-focus' lock @ https://www.buzzfeed.com/static-assets/_next/static/chunks/130-38215c375e1155df.js:0
[    2364ms] [WARNING] Attempted to release a free 'sidebar:debug' lock @ https://www.buzzfeed.com/static-assets/_next/static/chunks/130-38215c375e1155df.js:0
[    4091ms] [WARNING] Google Deploy of the SharedId library has been deprecated. Please select another option in the GAM UI. If you use Prebid, we suggest the Prebid.js UserId option. If you do not, you may configure GAM to allow Google to share a first party user identifier with OB and AB participants, which is either the publisherProvidedId or the __gads value when that is missing. @ https://cdn.jsdelivr.net/gh/prebid/shared-id/pubcid.js/docs/pubcid.min.js:0
[    4318ms] [WARNING] [GPT] Using deprecated googletag.encryptedSignalProviders. Please use googletag.secureSignalProviders instead.
https://goo.gle/gpt-message#155 @ https://securepubads.g.doubleclick.net/pagead/managed/js/gpt/m202603310101/pubads_impl.js:18
[    4368ms] [WARNING] [GPT] Using deprecated googletag.encryptedSignalProviders. Please use googletag.secureSignalProviders instead.
https://goo.gle/gpt-message#155 @ https://securepubads.g.doubleclick.net/pagead/managed/js/gpt/m202603310101/pubads_impl.js:18
[    4942ms] [WARNING] [GPT] Using deprecated googletag.encryptedSignalProviders. Please use googletag.secureSignalProviders instead.
https://goo.gle/gpt-message#155 @ https://securepubads.g.doubleclick.net/pagead/managed/js/gpt/m202603310101/pubads_impl.js:18
[    5516ms] [ERROR] Failed to load resource: the server responded with a status of 451 () @ https://api.rlcdn.com/api/identity/envelope?pid=13572:0
[    5872ms] [WARNING] adgb - not initialized. @ https://cdn.taboola.com/libtrc/buzzfeed-international/loader.js:0
[    5882ms] [WARNING] Taboola Push Option modes "alternating-thumbnails-a" for placement-Below Article Thumbnails, not present in Publisher Config modes. @ https://cdn.taboola.com/libtrc/buzzfeed-international/loader.js:0
[    7824ms] [WARNING] Attempted to release a free 'sidebar:active-item' lock @ https://www.buzzfeed.com/static-assets/_next/static/chunks/130-38215c375e1155df.js:0
[    7824ms] [WARNING] Attempted to release a free 'sidebar:active-item' lock @ https://www.buzzfeed.com/static-assets/_next/static/chunks/130-38215c375e1155df.js:0
[   10443ms] [ERROR] Failed to load resource: net::ERR_NAME_NOT_RESOLVED @ https://dps.jp.cinarra.com/pxd?PLATFORM_ID=1&USER_ID=9229aa90-094a-84e2-e4a8-5cd9de279cbc:0
[   10464ms] [ERROR] Failed to load resource: net::ERR_NAME_NOT_RESOLVED @ https://match.rundsp.com/redirect?ex=openx:0
[   10974ms] [ERROR] Failed to load resource: net::ERR_NAME_NOT_RESOLVED @ https://cs.lkqd.net/cs?partnerId=109&partnerUserId=d0c64315d2&gdpr=0&gdpr_consent=:0
[   11274ms] [ERROR] Failed to load resource: net::ERR_CONNECTION_REFUSED @ https://cs.nex8.net/cs/openx:0
[   11519ms] [ERROR] Failed to load resource: net::ERR_CONNECTION_REFUSED @ https://cs.nex8.net/cs/openx:0
[   11537ms] [ERROR] Failed to load resource: net::ERR_NAME_NOT_RESOLVED @ https://secure.adnxs.com/getuid?https%3A%2F%2Fpixel.tapad.com%2Fidsync%2Fex%2Freceive%3Fpartner_id%3DAPPNEXUS%26partner_device_id%3D%24UID%26pt%3D04d93b6a-4424-40db-bb22-264f3caf8e5d%252Chttps%25253A%25252F%25252Fsync.inmobi.com%25252Fsetuid%25253FbidderID%25253D877%252526dspUserId%25253D04d93b6a-4424-40db-bb22-264f3caf8e5d%252C:0
[   12070ms] [ERROR] Failed to load resource: net::ERR_NAME_NOT_RESOLVED @ https://secure.adnxs.com/getuid?https%3A%2F%2Fpixel.tapad.com%2Fidsync%2Fex%2Freceive%3Fpartner_id%3DAPPNEXUS%26partner_device_id%3D%24UID%26pt%3D04d93b6a-4424-40db-bb22-264f3caf8e5d%252Chttps%25253A%25252F%25252Fsync.inmobi.com%25252Fsetuid%25253FbidderID%25253D877%252526dspUserId%25253D04d93b6a-4424-40db-bb22-264f3caf8e5d%252C:0
[   19794ms] [WARNING] Attempted to release a free 'sidebar:preload-item' lock @ https://www.buzzfeed.com/static-assets/_next/static/chunks/130-38215c375e1155df.js:0
