[   37352ms] TypeError: Cannot redefine property: webdriver
    at Object.defineProperty (<anonymous>)
    at <anonymous>:3:12
    at <anonymous>:4:5
    at <anonymous>:5:7
[   38057ms] TypeError: Cannot redefine property: webdriver
    at Object.defineProperty (<anonymous>)
    at <anonymous>:3:12
    at <anonymous>:4:5
    at <anonymous>:5:7
[   38087ms] TypeError: Cannot redefine property: webdriver
    at Object.defineProperty (<anonymous>)
    at <anonymous>:3:12
    at <anonymous>:4:5
    at <anonymous>:5:7
    at eval (eval at <anonymous> (:2:3952), <anonymous>:7322:17771)
    at uk (eval at <anonymous> (:2:3952), <anonymous>:7322:33779)
    at t.eval [as A] (eval at <anonymous> (:2:3952), <anonymous>:7322:59236)
    at dY (eval at <anonymous> (:2:3952), <anonymous>:7322:34453)
    at mu (eval at <anonymous> (:2:3952), <anonymous>:7322:12409)
    at z (eval at <anonymous> (:2:3952), <anonymous>:7322:1503)
[   38118ms] TypeError: Cannot redefine property: webdriver
    at Object.defineProperty (<anonymous>)
    at <anonymous>:3:12
    at <anonymous>:4:5
    at <anonymous>:5:7
    at eval (eval at <anonymous> (:2:3952), <anonymous>:5355:17771)
    at uk (eval at <anonymous> (:2:3952), <anonymous>:5355:33779)
    at t.eval [as A] (eval at <anonymous> (:2:3952), <anonymous>:5355:59236)
    at dY (eval at <anonymous> (:2:3952), <anonymous>:5355:34453)
    at mu (eval at <anonymous> (:2:3952), <anonymous>:5355:12409)
    at z (eval at <anonymous> (:2:3952), <anonymous>:5355:1503)
[   49243ms] TypeError: Cannot redefine property: webdriver
    at Object.defineProperty (<anonymous>)
    at <anonymous>:3:12
    at <anonymous>:4:5
    at <anonymous>:5:7
[   49652ms] TypeError: Cannot redefine property: webdriver
    at Object.defineProperty (<anonymous>)
    at <anonymous>:3:12
    at <anonymous>:4:5
    at <anonymous>:5:7
[   49663ms] TypeError: Cannot redefine property: webdriver
    at Object.defineProperty (<anonymous>)
    at <anonymous>:3:12
    at <anonymous>:4:5
    at <anonymous>:5:7
    at eval (eval at <anonymous> (https://accounts.google.com/v3/signin/identifier?continue=https%3A%2F%2Faccounts.google.com%2F&dsh=S2116190379%3A1775887087710621&followup=https%3A%2F%2Faccounts.google.com%2F&passive=1209600&flowName=WebLiteSignIn&flowEntry=ServiceLogin&ifkv=AT1y2_XnB2aNExJ5JsuS3FisuZcAs15M_IMGHfiSeC9DvthtakbzCw8Fa811CzwtIh8FZfXpa9JgOQ:2:3952), <anonymous>:2752:17771)
    at uk (eval at <anonymous> (https://accounts.google.com/v3/signin/identifier?continue=https%3A%2F%2Faccounts.google.com%2F&dsh=S2116190379%3A1775887087710621&followup=https%3A%2F%2Faccounts.google.com%2F&passive=1209600&flowName=WebLiteSignIn&flowEntry=ServiceLogin&ifkv=AT1y2_XnB2aNExJ5JsuS3FisuZcAs15M_IMGHfiSeC9DvthtakbzCw8Fa811CzwtIh8FZfXpa9JgOQ:2:3952), <anonymous>:2752:33779)
    at t.eval [as A] (eval at <anonymous> (https://accounts.google.com/v3/signin/identifier?continue=https%3A%2F%2Faccounts.google.com%2F&dsh=S2116190379%3A1775887087710621&followup=https%3A%2F%2Faccounts.google.com%2F&passive=1209600&flowName=WebLiteSignIn&flowEntry=ServiceLogin&ifkv=AT1y2_XnB2aNExJ5JsuS3FisuZcAs15M_IMGHfiSeC9DvthtakbzCw8Fa811CzwtIh8FZfXpa9JgOQ:2:3952), <anonymous>:2752:59236)
    at dY (eval at <anonymous> (https://accounts.google.com/v3/signin/identifier?continue=https%3A%2F%2Faccounts.google.com%2F&dsh=S2116190379%3A1775887087710621&followup=https%3A%2F%2Faccounts.google.com%2F&passive=1209600&flowName=WebLiteSignIn&flowEntry=ServiceLogin&ifkv=AT1y2_XnB2aNExJ5JsuS3FisuZcAs15M_IMGHfiSeC9DvthtakbzCw8Fa811CzwtIh8FZfXpa9JgOQ:2:3952), <anonymous>:2752:34453)
    at mu (eval at <anonymous> (https://accounts.google.com/v3/signin/identifier?continue=https%3A%2F%2Faccounts.google.com%2F&dsh=S2116190379%3A1775887087710621&followup=https%3A%2F%2Faccounts.google.com%2F&passive=1209600&flowName=WebLiteSignIn&flowEntry=ServiceLogin&ifkv=AT1y2_XnB2aNExJ5JsuS3FisuZcAs15M_IMGHfiSeC9DvthtakbzCw8Fa811CzwtIh8FZfXpa9JgOQ:2:3952), <anonymous>:2752:12409)
    at z (eval at <anonymous> (https://accounts.google.com/v3/signin/identifier?continue=https%3A%2F%2Faccounts.google.com%2F&dsh=S2116190379%3A1775887087710621&followup=https%3A%2F%2Faccounts.google.com%2F&passive=1209600&flowName=WebLiteSignIn&flowEntry=ServiceLogin&ifkv=AT1y2_XnB2aNExJ5JsuS3FisuZcAs15M_IMGHfiSeC9DvthtakbzCw8Fa811CzwtIh8FZfXpa9JgOQ:2:3952), <anonymous>:2752:1503)
