[    1073ms] [ERROR] Failed to load resource: the server responded with a status of 404 () @ https://tweethunter.io/trending/theme/grain-texture.png:0
[    1157ms] [WARNING] [2026-03-25T22:17:23.515Z]  @firebase/firestore: Firestore (8.10.0): You are overriding the original host. If you did not intend to override your settings, use {merge: true}. @ https://tools.tweethunter.io/_next/static/chunks/8930-54535ca03642d1fd.js:58
[    1345ms] Error: Minified React error #425; visit https://reactjs.org/docs/error-decoder.html?invariant=425 for the full message or use the non-minified dev environment for full errors and additional helpful warnings.
    at rh (https://tools.tweethunter.io/_next/static/chunks/framework-1b27f628bea1456c.js:9:40165)
    at https://tools.tweethunter.io/_next/static/chunks/framework-1b27f628bea1456c.js:9:103414
    at oO (https://tools.tweethunter.io/_next/static/chunks/framework-1b27f628bea1456c.js:9:106164)
    at oF (https://tools.tweethunter.io/_next/static/chunks/framework-1b27f628bea1456c.js:9:99112)
    at https://tools.tweethunter.io/_next/static/chunks/framework-1b27f628bea1456c.js:9:98919
    at oM (https://tools.tweethunter.io/_next/static/chunks/framework-1b27f628bea1456c.js:9:98926)
    at ow (https://tools.tweethunter.io/_next/static/chunks/framework-1b27f628bea1456c.js:9:93965)
    at x (https://tools.tweethunter.io/_next/static/chunks/framework-1b27f628bea1456c.js:33:1364)
    at MessagePort.T (https://tools.tweethunter.io/_next/static/chunks/framework-1b27f628bea1456c.js:33:1894)
[    1346ms] Error: Minified React error #418; visit https://reactjs.org/docs/error-decoder.html?invariant=418 for the full message or use the non-minified dev environment for full errors and additional helpful warnings.
    at lh (https://tools.tweethunter.io/_next/static/chunks/framework-1b27f628bea1456c.js:9:46418)
    at i (https://tools.tweethunter.io/_next/static/chunks/framework-1b27f628bea1456c.js:9:121089)
    at oF (https://tools.tweethunter.io/_next/static/chunks/framework-1b27f628bea1456c.js:9:99052)
    at https://tools.tweethunter.io/_next/static/chunks/framework-1b27f628bea1456c.js:9:98919
    at oM (https://tools.tweethunter.io/_next/static/chunks/framework-1b27f628bea1456c.js:9:98926)
    at ow (https://tools.tweethunter.io/_next/static/chunks/framework-1b27f628bea1456c.js:9:93965)
    at x (https://tools.tweethunter.io/_next/static/chunks/framework-1b27f628bea1456c.js:33:1364)
    at MessagePort.T (https://tools.tweethunter.io/_next/static/chunks/framework-1b27f628bea1456c.js:33:1894)
[    1346ms] Error: Minified React error #418; visit https://reactjs.org/docs/error-decoder.html?invariant=418 for the full message or use the non-minified dev environment for full errors and additional helpful warnings.
    at lh (https://tools.tweethunter.io/_next/static/chunks/framework-1b27f628bea1456c.js:9:46418)
    at i (https://tools.tweethunter.io/_next/static/chunks/framework-1b27f628bea1456c.js:9:121089)
    at oF (https://tools.tweethunter.io/_next/static/chunks/framework-1b27f628bea1456c.js:9:99052)
    at https://tools.tweethunter.io/_next/static/chunks/framework-1b27f628bea1456c.js:9:98919
    at oM (https://tools.tweethunter.io/_next/static/chunks/framework-1b27f628bea1456c.js:9:98926)
    at ow (https://tools.tweethunter.io/_next/static/chunks/framework-1b27f628bea1456c.js:9:93965)
    at x (https://tools.tweethunter.io/_next/static/chunks/framework-1b27f628bea1456c.js:33:1364)
    at MessagePort.T (https://tools.tweethunter.io/_next/static/chunks/framework-1b27f628bea1456c.js:33:1894)
[    1347ms] Error: Minified React error #418; visit https://reactjs.org/docs/error-decoder.html?invariant=418 for the full message or use the non-minified dev environment for full errors and additional helpful warnings.
    at lh (https://tools.tweethunter.io/_next/static/chunks/framework-1b27f628bea1456c.js:9:46418)
    at i (https://tools.tweethunter.io/_next/static/chunks/framework-1b27f628bea1456c.js:9:121089)
    at oF (https://tools.tweethunter.io/_next/static/chunks/framework-1b27f628bea1456c.js:9:99052)
    at https://tools.tweethunter.io/_next/static/chunks/framework-1b27f628bea1456c.js:9:98919
    at oM (https://tools.tweethunter.io/_next/static/chunks/framework-1b27f628bea1456c.js:9:98926)
    at ow (https://tools.tweethunter.io/_next/static/chunks/framework-1b27f628bea1456c.js:9:93965)
    at x (https://tools.tweethunter.io/_next/static/chunks/framework-1b27f628bea1456c.js:33:1364)
    at MessagePort.T (https://tools.tweethunter.io/_next/static/chunks/framework-1b27f628bea1456c.js:33:1894)
[    1347ms] Error: Minified React error #418; visit https://reactjs.org/docs/error-decoder.html?invariant=418 for the full message or use the non-minified dev environment for full errors and additional helpful warnings.
    at lh (https://tools.tweethunter.io/_next/static/chunks/framework-1b27f628bea1456c.js:9:46418)
    at i (https://tools.tweethunter.io/_next/static/chunks/framework-1b27f628bea1456c.js:9:121089)
    at oF (https://tools.tweethunter.io/_next/static/chunks/framework-1b27f628bea1456c.js:9:99052)
    at https://tools.tweethunter.io/_next/static/chunks/framework-1b27f628bea1456c.js:9:98919
    at oM (https://tools.tweethunter.io/_next/static/chunks/framework-1b27f628bea1456c.js:9:98926)
    at ow (https://tools.tweethunter.io/_next/static/chunks/framework-1b27f628bea1456c.js:9:93965)
    at x (https://tools.tweethunter.io/_next/static/chunks/framework-1b27f628bea1456c.js:33:1364)
    at MessagePort.T (https://tools.tweethunter.io/_next/static/chunks/framework-1b27f628bea1456c.js:33:1894)
[    1348ms] Error: Minified React error #418; visit https://reactjs.org/docs/error-decoder.html?invariant=418 for the full message or use the non-minified dev environment for full errors and additional helpful warnings.
    at lh (https://tools.tweethunter.io/_next/static/chunks/framework-1b27f628bea1456c.js:9:46418)
    at i (https://tools.tweethunter.io/_next/static/chunks/framework-1b27f628bea1456c.js:9:121089)
    at oF (https://tools.tweethunter.io/_next/static/chunks/framework-1b27f628bea1456c.js:9:99052)
    at https://tools.tweethunter.io/_next/static/chunks/framework-1b27f628bea1456c.js:9:98919
    at oM (https://tools.tweethunter.io/_next/static/chunks/framework-1b27f628bea1456c.js:9:98926)
    at ow (https://tools.tweethunter.io/_next/static/chunks/framework-1b27f628bea1456c.js:9:93965)
    at x (https://tools.tweethunter.io/_next/static/chunks/framework-1b27f628bea1456c.js:33:1364)
    at MessagePort.T (https://tools.tweethunter.io/_next/static/chunks/framework-1b27f628bea1456c.js:33:1894)
[    1348ms] Error: Minified React error #418; visit https://reactjs.org/docs/error-decoder.html?invariant=418 for the full message or use the non-minified dev environment for full errors and additional helpful warnings.
    at lh (https://tools.tweethunter.io/_next/static/chunks/framework-1b27f628bea1456c.js:9:46418)
    at i (https://tools.tweethunter.io/_next/static/chunks/framework-1b27f628bea1456c.js:9:121089)
    at oF (https://tools.tweethunter.io/_next/static/chunks/framework-1b27f628bea1456c.js:9:99052)
    at https://tools.tweethunter.io/_next/static/chunks/framework-1b27f628bea1456c.js:9:98919
    at oM (https://tools.tweethunter.io/_next/static/chunks/framework-1b27f628bea1456c.js:9:98926)
    at ow (https://tools.tweethunter.io/_next/static/chunks/framework-1b27f628bea1456c.js:9:93965)
    at x (https://tools.tweethunter.io/_next/static/chunks/framework-1b27f628bea1456c.js:33:1364)
    at MessagePort.T (https://tools.tweethunter.io/_next/static/chunks/framework-1b27f628bea1456c.js:33:1894)
[    1348ms] Error: Minified React error #418; visit https://reactjs.org/docs/error-decoder.html?invariant=418 for the full message or use the non-minified dev environment for full errors and additional helpful warnings.
    at lh (https://tools.tweethunter.io/_next/static/chunks/framework-1b27f628bea1456c.js:9:46418)
    at i (https://tools.tweethunter.io/_next/static/chunks/framework-1b27f628bea1456c.js:9:121089)
    at oF (https://tools.tweethunter.io/_next/static/chunks/framework-1b27f628bea1456c.js:9:99052)
    at https://tools.tweethunter.io/_next/static/chunks/framework-1b27f628bea1456c.js:9:98919
    at oM (https://tools.tweethunter.io/_next/static/chunks/framework-1b27f628bea1456c.js:9:98926)
    at ow (https://tools.tweethunter.io/_next/static/chunks/framework-1b27f628bea1456c.js:9:93965)
    at x (https://tools.tweethunter.io/_next/static/chunks/framework-1b27f628bea1456c.js:33:1364)
    at MessagePort.T (https://tools.tweethunter.io/_next/static/chunks/framework-1b27f628bea1456c.js:33:1894)
[    1349ms] Error: Minified React error #418; visit https://reactjs.org/docs/error-decoder.html?invariant=418 for the full message or use the non-minified dev environment for full errors and additional helpful warnings.
    at lh (https://tools.tweethunter.io/_next/static/chunks/framework-1b27f628bea1456c.js:9:46418)
    at i (https://tools.tweethunter.io/_next/static/chunks/framework-1b27f628bea1456c.js:9:121089)
    at oF (https://tools.tweethunter.io/_next/static/chunks/framework-1b27f628bea1456c.js:9:99052)
    at https://tools.tweethunter.io/_next/static/chunks/framework-1b27f628bea1456c.js:9:98919
    at oM (https://tools.tweethunter.io/_next/static/chunks/framework-1b27f628bea1456c.js:9:98926)
    at ow (https://tools.tweethunter.io/_next/static/chunks/framework-1b27f628bea1456c.js:9:93965)
    at x (https://tools.tweethunter.io/_next/static/chunks/framework-1b27f628bea1456c.js:33:1364)
    at MessagePort.T (https://tools.tweethunter.io/_next/static/chunks/framework-1b27f628bea1456c.js:33:1894)
[    1349ms] Error: Minified React error #418; visit https://reactjs.org/docs/error-decoder.html?invariant=418 for the full message or use the non-minified dev environment for full errors and additional helpful warnings.
    at lh (https://tools.tweethunter.io/_next/static/chunks/framework-1b27f628bea1456c.js:9:46418)
    at i (https://tools.tweethunter.io/_next/static/chunks/framework-1b27f628bea1456c.js:9:121089)
    at oF (https://tools.tweethunter.io/_next/static/chunks/framework-1b27f628bea1456c.js:9:99052)
    at https://tools.tweethunter.io/_next/static/chunks/framework-1b27f628bea1456c.js:9:98919
    at oM (https://tools.tweethunter.io/_next/static/chunks/framework-1b27f628bea1456c.js:9:98926)
    at ow (https://tools.tweethunter.io/_next/static/chunks/framework-1b27f628bea1456c.js:9:93965)
    at x (https://tools.tweethunter.io/_next/static/chunks/framework-1b27f628bea1456c.js:33:1364)
    at MessagePort.T (https://tools.tweethunter.io/_next/static/chunks/framework-1b27f628bea1456c.js:33:1894)
[    1350ms] Error: Minified React error #418; visit https://reactjs.org/docs/error-decoder.html?invariant=418 for the full message or use the non-minified dev environment for full errors and additional helpful warnings.
    at lh (https://tools.tweethunter.io/_next/static/chunks/framework-1b27f628bea1456c.js:9:46418)
    at i (https://tools.tweethunter.io/_next/static/chunks/framework-1b27f628bea1456c.js:9:121089)
    at oF (https://tools.tweethunter.io/_next/static/chunks/framework-1b27f628bea1456c.js:9:99052)
    at https://tools.tweethunter.io/_next/static/chunks/framework-1b27f628bea1456c.js:9:98919
    at oM (https://tools.tweethunter.io/_next/static/chunks/framework-1b27f628bea1456c.js:9:98926)
    at ow (https://tools.tweethunter.io/_next/static/chunks/framework-1b27f628bea1456c.js:9:93965)
    at x (https://tools.tweethunter.io/_next/static/chunks/framework-1b27f628bea1456c.js:33:1364)
    at MessagePort.T (https://tools.tweethunter.io/_next/static/chunks/framework-1b27f628bea1456c.js:33:1894)
[    1350ms] Error: Minified React error #423; visit https://reactjs.org/docs/error-decoder.html?invariant=423 for the full message or use the non-minified dev environment for full errors and additional helpful warnings.
    at i (https://tools.tweethunter.io/_next/static/chunks/framework-1b27f628bea1456c.js:9:120758)
    at oF (https://tools.tweethunter.io/_next/static/chunks/framework-1b27f628bea1456c.js:9:99052)
    at https://tools.tweethunter.io/_next/static/chunks/framework-1b27f628bea1456c.js:9:98919
    at oM (https://tools.tweethunter.io/_next/static/chunks/framework-1b27f628bea1456c.js:9:98926)
    at oS (https://tools.tweethunter.io/_next/static/chunks/framework-1b27f628bea1456c.js:9:95678)
    at ow (https://tools.tweethunter.io/_next/static/chunks/framework-1b27f628bea1456c.js:9:94233)
    at x (https://tools.tweethunter.io/_next/static/chunks/framework-1b27f628bea1456c.js:33:1364)
    at MessagePort.T (https://tools.tweethunter.io/_next/static/chunks/framework-1b27f628bea1456c.js:33:1894)
[    2042ms] [ERROR] Failed to load resource: the server responded with a status of 404 () @ https://pbs.twimg.com/profile_images/1653542890373795840/87QVCgwx_400x400.jpg:0
[    2073ms] [ERROR] Failed to load resource: the server responded with a status of 404 () @ https://pbs.twimg.com/profile_images/1634058036934500352/b4F1eVpJ_400x400.jpg:0
[    2082ms] [ERROR] Failed to load resource: the server responded with a status of 404 () @ https://pbs.twimg.com/profile_images/1772849812984975360/DmZB-4Vo_400x400.jpg:0
[    2086ms] [ERROR] Failed to load resource: the server responded with a status of 404 () @ https://pbs.twimg.com/profile_images/1744861423690297346/7hKLq6_m_400x400.jpg:0
